TN:
SF:01-requestcount.js
FN:13,countRequest
FNF:1
FNH:1
FNDA:12,countRequest
DA:1,1
DA:2,1
DA:3,1
DA:4,1
DA:5,1
DA:6,1
DA:7,1
DA:8,1
DA:9,1
DA:10,1
DA:11,1
DA:12,1
DA:13,1
DA:14,12
DA:15,12
DA:16,12
DA:17,1
DA:18,1
DA:19,1
DA:20,1
DA:21,1
DA:22,10
DA:23,1
DA:24,1
DA:25,1
DA:26,0
DA:27,1
DA:28,1
DA:29,1
DA:30,2
DA:31,1
DA:32,1
DA:33,1
LF:33
LH:32
BRDA:13,0,0,12
BRDA:21,1,0,10
BRDA:29,2,0,2
BRF:3
BRH:3
end_of_record
TN:
SF:02-ratelimitter.js
FN:21,countRequest
FN:26,rateLimit
FNF:2
FNH:2
FNDA:13,countRequest
FNDA:13,rateLimit
DA:1,1
DA:2,1
DA:3,1
DA:4,1
DA:5,1
DA:6,1
DA:7,1
DA:8,1
DA:9,1
DA:10,1
DA:11,1
DA:12,1
DA:13,1
DA:14,1
DA:15,1
DA:16,2
DA:17,1
DA:18,1
DA:19,1
DA:20,1
DA:21,1
DA:22,13
DA:23,13
DA:24,13
DA:25,1
DA:26,1
DA:27,13
DA:28,13
DA:29,13
DA:30,13
DA:31,13
DA:32,11
DA:33,11
DA:34,7
DA:35,11
DA:36,4
DA:37,4
DA:38,4
DA:39,13
DA:40,2
DA:41,2
DA:42,2
DA:43,13
DA:44,1
DA:45,1
DA:46,1
DA:47,1
DA:48,1
DA:49,6
DA:50,1
DA:51,1
DA:52,1
DA:53,0
DA:54,1
DA:55,1
DA:56,1
LF:56
LH:55
BRDA:15,0,0,2
BRDA:21,1,0,13
BRDA:26,2,0,13
BRDA:31,3,0,11
BRDA:33,4,0,7
BRDA:35,5,0,4
BRDA:39,6,0,2
BRDA:48,7,0,6
BRF:8
BRH:8
end_of_record
TN:
SF:03-errorcount.js
FNF:0
FNH:0
DA:1,1
DA:2,1
DA:3,1
DA:4,1
DA:5,1
DA:6,1
DA:7,1
DA:8,1
DA:9,1
DA:10,1
DA:11,1
DA:12,1
DA:13,1
DA:14,11
DA:15,0
DA:16,1
DA:17,1
DA:18,1
DA:19,0
DA:20,1
DA:21,1
DA:22,1
DA:23,2
DA:24,1
DA:25,1
DA:26,1
DA:27,11
DA:28,11
DA:29,11
DA:30,11
DA:31,1
DA:32,1
DA:33,1
LF:33
LH:31
BRDA:13,0,0,11
BRDA:14,1,0,0
BRDA:22,2,0,2
BRDA:26,3,0,11
BRF:4
BRH:3
end_of_record
